<?xml version="1.0" encoding="UTF-8"?>
<!-- Generated by org.testng.reporters.JUnitReportReporter -->
<testsuite hostname="LIN65001218" failures="0" tests="1" name="com.crm.qa.testcases.HomePageTest" time="29.408" errors="0" timestamp="2021-11-01T17:15:46 IST" skipped="0">
  <testcase classname="com.crm.qa.testcases.HomePageTest" name="addCustomerTest" time="29.408"/>
  <system-out/>
</testsuite> <!-- com.crm.qa.testcases.HomePageTest -->
