<?xml version="1.0" encoding="UTF-8"?>
<!-- Generated by org.testng.reporters.JUnitReportReporter -->
<testsuite hostname="LIN65001218" failures="0" tests="3" name="com.crm.qa.testcases.LoginPageTest" time="24.772" errors="0" timestamp="2021-11-03T19:34:29 IST" skipped="0">
  <testcase classname="com.crm.qa.testcases.LoginPageTest" name="validateTitleTest" time="5.113"/>
  <system-out/>
  <testcase classname="com.crm.qa.testcases.LoginPageTest" name="validateTextIsPresentTest" time="5.162"/>
  <system-out/>
  <testcase classname="com.crm.qa.testcases.LoginPageTest" name="loginTest" time="14.497"/>
  <system-out/>
</testsuite> <!-- com.crm.qa.testcases.LoginPageTest -->
